248 125807 507.29
581 711137 1223.99
954 8036653 8424.16
571 886263 1552.12
86 65002 755.84
219 605714 2765.82
494 1230799 2491.50
246 2186212 8887.04
54 269399 4988.87
851 8098462 9516.41
416 1907158 4584.51
812 6269876 7721.52
485 521988 1076.26
94 207483 2207.27
11 64986 5907.82
688 5702831 8289.00
50 285627 5712.54
1 1653 1653.00
483 613220 1269.61
885 6511954 7358.14
897 5063546 5644.98
383 2619026 6838.19
636 6254308 9833.82
152 701615 4615.89
363 1047157 2884.73
286 86391 302.07
345 233705 677.41
663 6196819 9346.63
721 5685378 7885.41
81 518748 6404.30
704 2022106 2872.31
24 118508 4937.83
740 6594985 8912.14
97 288856 2977.90
505 3894260 7711.41
801 7094179 8856.65
336 2366453 7043.01
1 870 870.00
791 4392185 5552.70
301 213622 709.71
266 2180214 8196.29
191 1507329 7891.77
620 3166867 5107.85
129 1273877 9875.02
537 1071242 1994.86
367 983125 2678.81
663 6756547 10190.87
502 1840897 3667.13
820 143796 175.36
0 0 0.00
32 140879 4402.47
809 4892522 6047.62
316 228987 724.64
403 4092454 10154.97
455 1799953 3955.94
2 371 185.50
65 182987 2815.18
880 5671569 6444.96
253 698762 2761.91
357 1144762 3206.62
664 541372 815.32
391 3094654 7914.72
561 3914983 6978.58
29 205775 7095.69
208 1098325 5280.41
491 2688264 5475.08
174 530287 3047.63
382 3216334 8419.72
204 1174909 5759.36
336 1551438 4617.38
796 7889260 9911.13
418 3995380 9558.33
589 5235530 8888.85
660 3629268 5498.89
106 556506 5250.06
374 2455377 6565.18
38 120411 3168.71
205 1306867 6374.96
511 697526 1365.02
344 2988022 8686.11
67 132128 1972.06
7 52338 7476.86
424 4329764 10211.71
112 29495 263.35
20 211693 10584.65
914 6129178 6705.88
35 206052 5887.20
246 664122 2699.68
150 519512 3463.41
108 193876 1795.15
23 272024 11827.13
629 1085722 1726.11
449 1755399 3909.57
777 4406464 5671.12
571 2796609 4897.74
141 334984 2375.77
27 167237 6193.96
573 2559377 4466.63
559 5587222 9995.03
629 3180367 5056.23
638 288496 452.19
976 8406130 8612.84
25 131350 5254.00
602 3415953 5674.34
11 30631 2784.64
215 2271246 10563.93
112 1093134 9760.13
305 2768733 9077.81
1 10954 10954.00
193 623955 3232.93
244 832581 3412.22
292 911683 3122.20
36 60621 1683.92
50 258489 5169.78
366 439917 1201.96
82 894027 10902.77
389 568705 1461.97
90 836109 9290.10
52 47678 916.88
30 8278 275.93
549 1549851 2823.04
579 6057935 10462.75
0 0 0.00
747 586935 785.72
272 1112729 4090.92
28 156037 5572.75
336 3400002 10119.05
540 4059307 7517.24
671 4955685 7385.52
63 60828 965.52
656 2407239 3669.57
9 26965 2996.11
399 265893 666.40
987 5688780 5763.71
133 656560 4936.54
72 651172 9044.06
54 67388 1247.93
76 190287 2503.78
426 2720305 6385.69
125 371425 2971.40
79 155913 1973.58
581 5953360 10246.75
587 2737263 4663.14
799 6726540 8418.70
632 3010402 4763.29
919 5892686 6412.06
871 3257352 3739.78
781 5752722 7365.84
760 2031229 2672.67
1 4266 4266.00
346 106511 307.84
817 1934311 2367.58
359 3056982 8515.27
306 2143373 7004.49
296 605635 2046.06
35 129086 3688.17
802 603597 752.61
60 493594 8226.57
273 1229698 4504.39
396 2226949 5623.61
692 6813503 9846.10
177 168336 951.05
246 1818317 7391.53
161 1276039 7925.71
29 313710 10817.59
892 1536562 1722.60
18 53024 2945.78
994 8760965 8813.85
49 255957 5223.61
379 1070733 2825.15
51 178819 3506.25
736 967747 1314.87
79 173386 2194.76
15 110211 7347.40
904 2814302 3113.17
11 29548 2686.18
473 1085091 2294.06
482 1832709 3802.30
263 1094383 4161.15
288 572612 1988.24
301 889443 2954.96
431 3975112 9223.00
16 22435 1402.19
455 632632 1390.40
11 66660 6060.00
320 2272060 7100.19
25 174050 6962.00
239 2135452 8934.95
47 413341 8794.49
268 596214 2224.68
188 1818374 9672.20
93 898452 9660.77
92 764270 8307.28
24 15074 628.08
209 880465 4212.75
680 37549 55.22
273 2171396 7953.83
488 1216585 2493.00
82 740136 9026.05
384 2481838 6463.12
12 22741 1895.08
815 2096667 2572.60
301 447088 1485.34
149 1546664 10380.30
144 1034588 7184.64
474 2890070 6097.19
57 145850 2558.77
330 1710593 5183.62
161 1299243 8069.83
116 31489 271.46
238 643369 2703.23
95 957204 10075.83
248 169625 683.97
171 1679682 9822.70
425 228634 537.96
114 546531 4794.13
2 18570 9285.00
163 45418 278.64
415 4097089 9872.50
14 66510 4750.71
175 504355 2882.03
587 3795854 6466.53
18 74752 4152.89
63 681898 10823.78
472 2070696 4387.07
65 688649 10594.60
50 471222 9424.44
938 2224354 2371.38
312 1068198 3423.71
215 2175036 10116.45
87 736545 8466.03
142 140161 987.05
134 347253 2591.44
636 5324396 8371.69
525 2048321 3901.56
114 507087 4448.13
31 148327 4784.74
215 937554 4360.72
233 1903334 8168.82
281 424112 1509.30
46 182556 3968.61
67 132219 1973.42
288 1295805 4499.32
165 116189 704.18
108 655532 6069.74
12 54948 4579.00
579 3212842 5548.95
129 387508 3003.94
229 2456333 10726.34
29 137718 4748.90
0 0 0.00
136 1032786 7594.01
380 1786094 4700.25
199 1588461 7982.22
501 2275942 4542.80
144 1209731 8400.91
377 117881 312.68
57 310271 5443.35
111 322532 2905.69
11 107470 9770.00
276 1772919 6423.62
104 564810 5430.87
889 9222778 10374.33
75 196717 2622.89
271 1573041 5804.58
202 1752142 8673.97
26 213123 8197.04
19 41697 2194.58
118 995089 8432.96
145 529579 3652.27
321 1011852 3152.19
184 124269 675.38
21 112321 5348.62
9 25839 2871.00
15 122745 8183.00
16 70681 4417.56
89 43996 494.34
65 428783 6596.66
75 617670 8235.60
339 1622766 4786.92
37 272920 7376.22
85 545020 6412.00
273 2578886 9446.47
40 213220 5330.50
122 1236072 10131.74
109 330564 3032.70
204 1709602 8380.40
739 4795949 6489.78
347 671908 1936.33
36 97057 2696.03
2 15892 7946.00
98 604268 6166.00
232 1863247 8031.24
618 959592 1552.74
15 126027 8401.80
683 4086904 5983.75
727 5040405 6933.16
234 658463 2813.94
281 46606 165.86
696 4089309 5875.44
1 8031 8031.00
503 4269507 8488.09
113 730201 6461.96
162 1238027 7642.14
140 377919 2699.42
259 536188 2070.22
134 488257 3643.71
119 1287255 10817.27
72 545049 7570.13
272 2526576 9288.88
16 4269 266.81
134 501077 3739.38
266 2809456 10561.86
489 1031084 2108.56
159 1542479 9701.13
179 891156 4978.53
220 646365 2938.02
753 6568560 8723.19
22 114012 5182.36
1 17415 17415.00
98 480469 4902.74
492 2618611 5322.38
536 3930583 7333.18
275 517625 1882.27
77 153433 1992.64
36 281966 7832.39
28 41885 1495.89
280 45054 160.91
317 1080801 3409.47
558 2057837 3687.88
4 4598 1149.50
58 36321 626.22
141 947750 6721.63
723 6107284 8447.14
151 1233978 8172.04
7 63741 9105.86
890 3358602 3773.71
41 254425 6205.49
592 1965846 3320.69
215 937901 4362.33
742 6347682 8554.83
712 1526456 2143.90
93 96879 1041.71
205 17889 87.26
16 168004 10500.25
238 702074 2949.89
180 1103789 6132.16
59 284239 4817.61
37 258297 6981.00
25 59338 2373.52
261 2427477 9300.68
968 10087371 10420.84
914 2797848 3061.10
6 3515 585.83
35 416283 11893.80
94 856988 9116.89
7 48558 6936.86
193 298226 1545.21
3 35387 11795.67
179 1064093 5944.65
22 76476 3476.18
64 468590 7321.72
351 1267497 3611.10
9 63655 7072.78
899 7417967 8251.35
71 673746 9489.38
53 172455 3253.87
520 861732 1657.18
434 1961405 4519.37
97 601382 6199.81
68 544573 8008.43
267 488236 1828.60
3 29441 9813.67
0 0 0.00
349 2803783 8033.76
15 164004 10933.60
72 173328 2407.33
36 307922 8553.39
24 114137 4755.71
16 30908 1931.75
938 2545197 2713.43
146 183989 1260.20
299 2145808 7176.62
37 202242 5466.00
111 1091120 9829.91
6 41931 6988.50
277 735483 2655.17
56 225626 4029.04
760 7036702 9258.82
26 190804 7338.62
183 90243 493.13
1 12073 12073.00
97 103485 1066.86
357 3200165 8964.05
277 2612263 9430.55
427 464710 1088.31
88 707456 8039.27
49 135268 2760.57
465 2618110 5630.34
210 2119816 10094.36
91 525730 5777.25
78 588132 7540.15
75 419424 5592.32
0 0 0.00
83 473872 5709.30
280 2129313 7604.69
393 2554623 6500.31
290 316339 1090.82
144 260546 1809.35
34 6704 197.18
162 1771340 10934.20
70 701896 10027.09
19 24666 1298.21
374 2357511 6303.51
95 540636 5690.91
340 391258 1150.76
88 345767 3929.17
245 1745177 7123.17
473 223219 471.92
621 6588799 10609.98
458 4195978 9161.52
1 1621 1621.00
4 366 91.50
21 82943 3949.67
125 932992 7463.94
270 1314682 4869.19
179 1329095 7425.11
551 1757257 3189.21
13 155920 11993.85
358 2622437 7325.24
247 2541018 10287.52
25 139480 5579.20
621 1837638 2959.16
269 1522181 5658.67
12 149013 12417.75
271 980614 3618.50
248 2186597 8816.92
1 951 951.00
454 1418866 3125.26
147 819068 5571.89
589 6095813 10349.43
716 1481443 2069.05
83 866326 10437.66
9 92304 10256.00
5 65462 13092.40
323 2864468 8868.32
11 56287 5117.00
292 2902171 9938.94
8 9468 1183.50
137 954399 6966.42
560 3014435 5382.92
5 48064 9612.80
33 13556 410.79
32 131295 4102.97
109 70132 643.41
122 786434 6446.18
371 2131396 5745.00
172 995179 5785.92
48 17037 354.94
117 488963 4179.17
178 89032 500.18
256 2351084 9183.92
246 1351074 5492.17
879 8824208 10038.92
29 94598 3262.00
347 159032 458.31
968 7265377 7505.55
4 39266 9816.50
422 1204349 2853.91
47 95907 2040.57
626 4349749 6948.48
24 65668 2736.17
82 498072 6074.05
108 388009 3592.68
261 2303898 8827.20
63 153799 2441.25
7 37722 5388.86
631 1329341 2106.72
316 2847765 9011.91
169 603774 3572.63
712 1117490 1569.51
206 2011113 9762.68
36 204388 5677.44
170 176184 1036.38
244 2560869 10495.36
243 2059127 8473.77
264 980211 3712.92
696 6403339 9200.20
69 330275 4786.59
17 97662 5744.82
520 2599372 4998.79
653 2526646 3869.29
956 1622431 1697.10
358 1868039 5217.99
184 200990 1092.34
211 2064709 9785.35
460 3470462 7544.48
447 3052361 6828.55
12 33804 2817.00
385 3107737 8072.04
104 636208 6117.38
101 800731 7928.03
162 34795 214.78
88 317688 3610.09
227 673721 2967.93
78 570413 7312.99
327 1019803 3118.66
2 17340 8670.00
179 1114373 6225.55
163 699452 4291.12
10 64223 6422.30
471 1938548 4115.81
45 417716 9282.58
434 1159226 2671.03
456 2925733 6416.08
6 44821 7470.17
321 3098888 9653.86
65 63449 976.14
379 3502971 9242.67
68 562161 8267.07
151 1279659 8474.56
847 7363863 8694.05
43 10777 250.63
79 303455 3841.20
2 1605 802.50
94 278368 2961.36
99 415687 4198.86
517 1021578 1975.97
3 1369 456.33
379 112090 295.75
211 197543 936.22
52 420485 8086.25
399 2152924 5395.80
24 142235 5926.46
141 1447712 10267.46
79 541368 6852.76
198 1262066 6374.07
107 798174 7459.57
269 2185416 8124.22
21 95178 4532.29
39 65562 1681.08
16 155735 9733.44
6 27482 4580.33
27 89842 3327.48
69 775662 11241.48
142 1159946 8168.63
93 745596 8017.16
44 314469 7147.02
288 1172138 4069.92
130 1329897 10229.98
14 49663 3547.36
189 1845117 9762.52
17 84955 4997.35
27 283681 10506.70
142 181329 1276.96
88 908454 10323.34
661 6362844 9626.09
99 514783 5199.83
44 421860 9587.73
199 1766604 8877.41
164 1565367 9544.92
530 2523639 4761.58
50 347275 6945.50
120 681781 5681.51
50 489268 9785.36
391 187663 479.96
301 550500 1828.90
131 649067 4954.71
541 4924387 9102.38
320 1929248 6028.90
173 121989 705.14
328 3321832 10127.54
161 412021 2559.14
53 301848 5695.25
314 588700 1874.84
26 108379 4168.42
139 457156 3288.89
14 33303 2378.79
95 1013854 10672.15
37 402525 10879.05
53 255134 4813.85
489 3208666 6561.69
518 673229 1299.67
201 1719727 8555.86
398 1178158 2960.20
711 6437801 9054.57
139 844923 6078.58
3 40827 13609.00
12 68794 5732.83
24 170612 7108.83
33 326796 9902.91
87 410706 4720.76
91 139727 1535.46
554 3871251 6987.82
175 187328 1070.45
133 1043658 7847.05
247 1892109 7660.36
346 2772223 8012.21
246 874539 3555.04
566 843571 1490.41
635 6504737 10243.68
593 4447802 7500.51
26 29726 1143.31
254 825362 3249.46
4 22751 5687.75
31 106874 3447.55
39 13074 335.23
472 1345566 2850.78
157 885726 5641.57
4 8051 2012.75
331 1130714 3416.05
131 501013 3824.53
15 78175 5211.67
125 409516 3276.13
149 1273128 8544.48
364 1268228 3484.14
740 3966386 5359.98
175 1415386 8087.92
16 53485 3342.81
303 1323658 4368.51
287 2105142 7334.99
71 646676 9108.11
437 255303 584.22
137 1191450 8696.72
155 542433 3499.57
596 1027887 1724.64
123 39323 319.70
553 2792693 5050.08
179 1245710 6959.27
128 1043086 8149.11
91 523630 5754.18
112 143496 1281.21
117 1246323 10652.33
935 6643059 7104.88
599 5511732 9201.56
304 1802049 5927.79
56 362744 6477.57
92 571741 6214.58
463 4224728 9124.68
53 201153 3795.34
6 9786 1631.00
20 99312 4965.60
778 1034169 1329.27
76 54380 715.53
12 130931 10910.92
287 3209649 11183.45
4 19302 4825.50
448 2401066 5359.52
122 981257 8043.09
292 426153 1459.43
120 786822 6556.85
50 372743 7454.86
90 276349 3070.54
79 712086 9013.75
577 1022917 1772.82
522 4522538 8663.87
90 952269 10580.77
248 2004008 8080.68
108 481797 4461.08
172 980614 5701.24
673 2849294 4233.72
230 1256093 5461.27
65 93941 1445.25
195 1604993 8230.73
205 909678 4437.45
80 686399 8579.99
407 2334006 5734.66
744 5069654 6814.05
20 17705 885.25
352 1795845 5101.83
122 179818 1473.92
174 217771 1251.56
9 8157 906.33
68 471601 6935.31
359 194890 542.87
614 889530 1448.75
203 808456 3982.54
347 1355198 3905.47
52 136495 2624.90
95 936168 9854.40
4 10520 2630.00
46 535354 11638.13
317 1865758 5885.67
746 2370721 3177.91
14 100245 7160.36
94 874580 9304.04
73 193593 2651.96
10 103324 10332.40
802 7876423 9820.98
703 6823540 9706.32
197 463222 2351.38
95 903742 9513.07
209 268603 1285.18
222 2026537 9128.55
279 668429 2395.80
26 91107 3504.12
93 225409 2423.75
89 373851 4200.57
21 103547 4930.81
32 270572 8455.38
378 2397894 6343.63
282 1806891 6407.41
436 625030 1433.56
90 421516 4683.51
181 1557827 8606.78
39 371478 9525.08
53 184856 3487.85
719 3974963 5528.46
38 49221 1295.29
110 339584 3087.13
40 37134 928.35
135 499096 3697.01
186 1747452 9394.90
10 60391 6039.10
445 237195 533.02
9 74710 8301.11
306 2831502 9253.27
55 529584 9628.80
14 104863 7490.21
107 480884 4494.24
167 344871 2065.10
142 898294 6326.01
787 7971473 10128.94
90 714566 7939.62
211 1702383 8068.17
437 3730694 8537.06
101 976400 9667.33
60 43178 719.63
21 129010 6143.33
33 273566 8289.88
532 3461577 6506.72
49 378742 7729.43
28 226748 8098.14
161 904212 5616.22
123 778105 6326.06
105 691084 6581.75
267 1359129 5090.37
155 765063 4935.89
278 896605 3225.20
542 2285403 4216.61
233 420309 1803.90
13 80275 6175.00
63 345286 5480.73
155 1255501 8100.01
363 2432770 6701.85
6 50517 8419.50
13 49873 3836.38
6 24026 4004.33
358 1249370 3489.86
1 4842 4842.00
0 0 0.00
35 206826 5909.31
630 3419784 5428.23
11 15973 1452.09
69 398089 5769.41
265 538424 2031.79
274 2090897 7631.01
982 9754905 9933.71
149 464156 3115.14
141 19734 139.96
18 47585 2643.61
753 772576 1026.00
25 223157 8926.28
107 159455 1490.23
323 1820031 5634.77
201 1495927 7442.42
120 224045 1867.04
797 347558 436.08
581 2732655 4703.36
50 46424 928.48
104 274316 2637.65
50 425996 8519.92
446 4224710 9472.44
21 107259 5107.57
223 513812 2304.09
427 214852 503.17
752 793660 1055.40
12 87825 7318.75
474 665476 1403.96
81 17724 218.81
0 0 0.00
156 1124121 7205.90
99 573640 5794.34
680 5792196 8517.94
188 515133 2740.07
15 17659 1177.27
183 1947320 10641.09
13 13153 1011.77
22 169864 7721.09
17 185149 10891.12
21 20778 989.43
37 305631 8260.30
193 800719 4148.80
31 185060 5969.68
0 0 0.00
159 1510274 9498.58
28 5993 214.04
166 1574276 9483.59
254 758550 2986.42
0 0 0.00
116 1221702 10531.91
364 2125675 5839.77
269 1554186 5777.64
770 3705412 4812.22
445 1197765 2691.61
276 2267322 8214.93
192 474394 2470.80
63 90011 1428.75
95 902413 9499.08
608 5121088 8422.84
814 692779 851.08
34 88545 2604.26
187 1103407 5900.57
107 748147 6992.03
8 34780 4347.50
533 224989 422.12
82 885270 10795.98
57 342226 6003.96
428 2133123 4983.93
3 50265 16755.00
305 2165106 7098.71
66 347835 5270.23
388 449033 1157.30
378 2362499 6250.00
1 10244 10244.00
81 211439 2610.36
117 229396 1960.65
42 115709 2754.98
14 34913 2493.79
63 504664 8010.54
519 3835492 7390.16
177 513215 2899.52
115 47918 416.68
104 997771 9593.95
833 5729510 6878.16
76 629128 8278.00
90 238807 2653.41
32 266674 8333.56
111 929869 8377.20
40 417931 10448.27
102 406006 3980.45
319 1512628 4741.78
62 334216 5390.58
194 871151 4490.47
212 220650 1040.80
8 56088 7011.00
9 13816 1535.11
66 527567 7993.44
196 1772370 9042.70
171 1379396 8066.64
139 291362 2096.13
425 2086720 4909.93
342 579674 1694.95
557 4608368 8273.55
483 1173871 2430.37
382 207464 543.10
118 343187 2908.36
59 39116 662.98
169 1624902 9614.80
338 110936 328.21
576 2069570 3593.00
124 1264065 10194.07
490 1400483 2858.13
31 195447 6304.74
809 2682837 3316.24
336 205433 611.41
103 158988 1543.57
11 96284 8753.09
40 348624 8715.60
52 40922 786.96
155 777789 5017.99
89 213150 2394.94
38 10707 281.76
55 496513 9027.51
6 37485 6247.50
12 71457 5954.75
255 1080659 4237.88
78 509392 6530.67
29 16339 563.41
12 108705 9058.75
307 2030649 6614.49
37 226871 6131.65
181 1184401 6543.65
18 167363 9297.94
847 660540 779.86
239 1298309 5432.26
320 2820094 8812.79
467 237322 508.18
124 941242 7590.66
117 1278833 10930.20
343 981546 2861.65
268 537117 2004.17
13 17735 1364.23
285 321477 1127.99
57 350583 6150.58
138 172192 1247.77
785 8357634 10646.67
40 221938 5548.45
91 28188 309.76
562 3025790 5383.97
173 21015 121.47
227 376401 1658.15
433 3538695 8172.51
178 769262 4321.70
239 550050 2301.46
458 3285998 7174.67
349 1598425 4580.01
4 6550 1637.50
17 101503 5970.76
372 291870 784.60
876 7687918 8776.16
229 997335 4355.17
60 85410 1423.50
8 81306 10163.25
45 418110 9291.33
72 179810 2497.36
223 1073755 4815.04
167 1615277 9672.32
117 1170382 10003.26
129 1182735 9168.49
16 72307 4519.19
280 1794237 6407.99
293 769775 2627.22
85 110955 1305.35
917 5240905 5715.27
80 204598 2557.47
399 1592384 3990.94
568 3282468 5778.99
16 56696 3543.50
145 291707 2011.77
224 1684055 7518.10
42 279000 6642.86
14 22331 1595.07
34 82662 2431.24
865 2499725 2889.86
14 69240 4945.71
294 2122872 7220.65
408 1502817 3683.38
94 541569 5761.37
490 5177852 10567.04
27 279926 10367.63
103 37516 364.23
557 3707779 6656.69
21 67576 3217.90
16 118624 7414.00
621 2379220 3831.27
61 97299 1595.07
194 824389 4249.43
366 2723073 7440.09
875 141483 161.69
61 214188 3511.28
102 671772 6586.00
349 1522626 4362.83
4 1515 378.75
18 65576 3643.11
320 835313 2610.35
310 2234003 7206.46
58 412380 7110.00
29 166583 5744.24
496 2242259 4520.68
168 229132 1363.88
124 809433 6527.69
132 736784 5581.70
25 196959 7878.36
357 1446499 4051.82
180 521367 2896.48
483 3133033 6486.61
33 150886 4572.30
36 449166 12476.83
378 3848089 10180.13
55 367225 6676.82
865 1586781 1834.43
21 148843 7087.76
82 444821 5424.65
688 1689536 2455.72
457 4025919 8809.45
731 2614043 3575.98
467 175824 376.50
64 552969 8640.14
10 33284 3328.40
61 407198 6675.38
302 3086575 10220.45
407 2317811 5694.87
465 4224703 9085.38
28 15119 539.96
146 707759 4847.66
864 3736632 4324.81
402 1477562 3675.53
857 1154353 1346.97
112 929975 8303.35
760 2070551 2724.41
402 3297922 8203.79
167 877122 5252.23
73 495270 6784.52
330 2378288 7206.93
896 8463836 9446.25
28 179539 6412.11
48 346419 7217.06
460 328934 715.07
95 383091 4032.54
